<?xml version="1.0" encoding="UTF-8"?>
<!-- Generated by org.testng.reporters.JUnitReportReporter -->
<testsuite hostname="DESKTOP-C3D4EMT" failures="0" tests="1" name="pac2.OrgTest" time="0.002" errors="0" timestamp="2024-08-14T15:39:58 IST" skipped="0">
  <testcase classname="pac2.OrgTest" name="createOrgTest" time="0.002"/>
  <system-out/>
</testsuite> <!-- pac2.OrgTest -->
