<?xml version="1.0" encoding="UTF-8"?>
<!-- Generated by org.testng.reporters.JUnitReportReporter -->
<testsuite hostname="DESKTOP-C3D4EMT" failures="0" tests="1" name="pac1.ContactTest" time="0.012" errors="0" timestamp="2024-08-14T15:39:58 IST" skipped="0">
  <testcase classname="pac1.ContactTest" name="createcontactTest" time="0.012"/>
  <system-out/>
</testsuite> <!-- pac1.ContactTest -->
